<?xml version="1.0" encoding="UTF-8"?>
<!-- Generated by org.testng.reporters.JUnitReportReporter -->
<testsuite hostname="DESKTOP-24941K1" failures="0" tests="2" name="QAclickacademy.Mavenjava.RESTAPITest" time="0.016" errors="0" timestamp="2022-08-26T16:25:51 IST" skipped="0">
  <testcase classname="QAclickacademy.Mavenjava.RESTAPITest" name="deleteTwitter" time="0.014"/>
  <system-out/>
  <testcase classname="QAclickacademy.Mavenjava.RESTAPITest" name="postJira" time="0.002"/>
  <system-out/>
</testsuite> <!-- QAclickacademy.Mavenjava.RESTAPITest -->
