<?xml version="1.0" encoding="UTF-8"?>
<!-- Generated by org.testng.reporters.JUnitReportReporter -->
<testsuite hostname="DESKTOP-FJJI9VB" failures="0" tests="2" name="QAclickacademy.Mavenjava.AppiumTest" time="0.004" errors="0" timestamp="2022-07-13T16:36:01 IST" skipped="0">
  <testcase classname="QAclickacademy.Mavenjava.AppiumTest" name="IOSApps" time="0.002"/>
  <system-out/>
  <testcase classname="QAclickacademy.Mavenjava.AppiumTest" name="nativeAppAndroid" time="0.002"/>
  <system-out/>
</testsuite> <!-- QAclickacademy.Mavenjava.AppiumTest -->
