<?xml version="1.0" encoding="UTF-8"?>
<!-- Generated by org.testng.reporters.JUnitReportReporter -->
<testsuite hostname="DESKTOP-FJJI9VB" failures="0" tests="2" name="QAclickacademy.Mavenjava.SeleniumTest" time="0.002" errors="0" timestamp="2022-07-13T16:36:01 IST" skipped="0">
  <testcase classname="QAclickacademy.Mavenjava.SeleniumTest" name="BrowserAutomation" time="0.001"/>
  <system-out/>
  <testcase classname="QAclickacademy.Mavenjava.SeleniumTest" name="elementsUI" time="0.001"/>
  <system-out/>
</testsuite> <!-- QAclickacademy.Mavenjava.SeleniumTest -->
